2026-03-25 11:56:26.742 [main] INFO  zsl.web.WebApplication - Starting WebApplication using Java 25.0.2 with PID 1144 (E:\VS\visual\Tilas\web\target\classes started by zzzzz in E:\VS\visual\Tilas)
2026-03-25 11:56:26.746 [main] INFO  zsl.web.WebApplication - No active profile set, falling back to 1 default profile: "default"
2026-03-25 11:56:27.679 [main] INFO  o.s.boot.tomcat.TomcatWebServer - Tomcat initialized with port 8080 (http)
2026-03-25 11:56:27.691 [main] INFO  o.a.coyote.http11.Http11NioProtocol - Initializing ProtocolHandler ["http-nio-8080"]
2026-03-25 11:56:27.692 [main] INFO  o.a.catalina.core.StandardService - Starting service [Tomcat]
2026-03-25 11:56:27.692 [main] INFO  o.a.catalina.core.StandardEngine - Starting Servlet engine: [Apache Tomcat/11.0.18]
2026-03-25 11:56:27.739 [main] INFO  o.s.b.w.c.s.WebApplicationContextInitializer - Root WebApplicationContext: initialization completed in 950 ms
2026-03-25 11:56:28.220 [main] INFO  o.a.coyote.http11.Http11NioProtocol - Starting ProtocolHandler ["http-nio-8080"]
2026-03-25 11:56:28.235 [main] INFO  o.s.boot.tomcat.TomcatWebServer - Tomcat started on port 8080 (http) with context path '/'
2026-03-25 11:56:28.240 [main] INFO  zsl.web.WebApplication - Started WebApplication in 1.87 seconds (process running for 2.508)
2026-03-25 11:57:38.744 [SpringApplicationShutdownHook] INFO  o.s.boot.tomcat.GracefulShutdown - Commencing graceful shutdown. Waiting for active requests to complete
2026-03-25 11:57:38.760 [tomcat-shutdown] INFO  o.s.boot.tomcat.GracefulShutdown - Graceful shutdown complete
2026-03-25 11:57:40.457 [main] INFO  zsl.web.WebApplication - Starting WebApplication using Java 25.0.2 with PID 84 (E:\VS\visual\Tilas\web\target\classes started by zzzzz in E:\VS\visual\Tilas)
2026-03-25 11:57:40.459 [main] INFO  zsl.web.WebApplication - No active profile set, falling back to 1 default profile: "default"
2026-03-25 11:57:41.283 [main] INFO  o.s.boot.tomcat.TomcatWebServer - Tomcat initialized with port 8080 (http)
2026-03-25 11:57:41.293 [main] INFO  o.a.coyote.http11.Http11NioProtocol - Initializing ProtocolHandler ["http-nio-8080"]
2026-03-25 11:57:41.294 [main] INFO  o.a.catalina.core.StandardService - Starting service [Tomcat]
2026-03-25 11:57:41.295 [main] INFO  o.a.catalina.core.StandardEngine - Starting Servlet engine: [Apache Tomcat/11.0.18]
2026-03-25 11:57:41.335 [main] INFO  o.s.b.w.c.s.WebApplicationContextInitializer - Root WebApplicationContext: initialization completed in 837 ms
2026-03-25 11:57:41.769 [main] INFO  o.a.coyote.http11.Http11NioProtocol - Starting ProtocolHandler ["http-nio-8080"]
2026-03-25 11:57:41.785 [main] INFO  o.s.boot.tomcat.TomcatWebServer - Tomcat started on port 8080 (http) with context path '/'
2026-03-25 11:57:41.790 [main] INFO  zsl.web.WebApplication - Started WebApplication in 1.657 seconds (process running for 2.206)
2026-03-25 11:59:00.590 [http-nio-8080-exec-2] INFO  o.a.c.c.C.[Tomcat].[localhost].[/] - Initializing Spring DispatcherServlet 'dispatcherServlet'
2026-03-25 11:59:00.592 [http-nio-8080-exec-2] INFO  o.s.web.servlet.DispatcherServlet - Initializing Servlet 'dispatcherServlet'
2026-03-25 11:59:00.597 [http-nio-8080-exec-2] INFO  o.s.web.servlet.DispatcherServlet - Completed initialization in 5 ms
2026-03-25 11:59:00.637 [http-nio-8080-exec-2] INFO  zsl.web.controller.empcontroller - 查询了员工数据
2026-03-25 11:59:00.657 [http-nio-8080-exec-2] INFO  com.zaxxer.hikari.HikariDataSource - HikariPool-1 - Starting...
2026-03-25 11:59:00.972 [http-nio-8080-exec-2] INFO  com.zaxxer.hikari.pool.HikariPool - HikariPool-1 - Added connection com.mysql.cj.jdbc.ConnectionImpl@3684b54
2026-03-25 11:59:00.973 [http-nio-8080-exec-2] INFO  com.zaxxer.hikari.HikariDataSource - HikariPool-1 - Start completed.
2026-03-25 12:00:58.277 [SpringApplicationShutdownHook] INFO  o.s.boot.tomcat.GracefulShutdown - Commencing graceful shutdown. Waiting for active requests to complete
2026-03-25 12:00:58.282 [tomcat-shutdown] INFO  o.s.boot.tomcat.GracefulShutdown - Graceful shutdown complete
2026-03-25 12:00:58.285 [SpringApplicationShutdownHook] INFO  com.zaxxer.hikari.HikariDataSource - HikariPool-1 - Shutdown initiated...
2026-03-25 12:00:58.291 [SpringApplicationShutdownHook] INFO  com.zaxxer.hikari.HikariDataSource - HikariPool-1 - Shutdown completed.
2026-03-25 12:01:01.176 [main] INFO  zsl.web.WebApplication - Starting WebApplication using Java 25.0.2 with PID 22092 (E:\VS\visual\Tilas\web\target\classes started by zzzzz in E:\VS\visual\Tilas)
2026-03-25 12:01:01.180 [main] INFO  zsl.web.WebApplication - No active profile set, falling back to 1 default profile: "default"
2026-03-25 12:01:02.145 [main] INFO  o.s.boot.tomcat.TomcatWebServer - Tomcat initialized with port 8080 (http)
2026-03-25 12:01:02.155 [main] INFO  o.a.coyote.http11.Http11NioProtocol - Initializing ProtocolHandler ["http-nio-8080"]
2026-03-25 12:01:02.156 [main] INFO  o.a.catalina.core.StandardService - Starting service [Tomcat]
2026-03-25 12:01:02.156 [main] INFO  o.a.catalina.core.StandardEngine - Starting Servlet engine: [Apache Tomcat/11.0.18]
2026-03-25 12:01:02.197 [main] INFO  o.s.b.w.c.s.WebApplicationContextInitializer - Root WebApplicationContext: initialization completed in 972 ms
2026-03-25 12:01:02.640 [main] INFO  o.a.coyote.http11.Http11NioProtocol - Starting ProtocolHandler ["http-nio-8080"]
2026-03-25 12:01:02.657 [main] INFO  o.s.boot.tomcat.TomcatWebServer - Tomcat started on port 8080 (http) with context path '/'
2026-03-25 12:01:02.661 [main] INFO  zsl.web.WebApplication - Started WebApplication in 1.834 seconds (process running for 2.382)
2026-03-25 12:01:05.451 [http-nio-8080-exec-2] INFO  o.a.c.c.C.[Tomcat].[localhost].[/] - Initializing Spring DispatcherServlet 'dispatcherServlet'
2026-03-25 12:01:05.452 [http-nio-8080-exec-2] INFO  o.s.web.servlet.DispatcherServlet - Initializing Servlet 'dispatcherServlet'
2026-03-25 12:01:05.453 [http-nio-8080-exec-2] INFO  o.s.web.servlet.DispatcherServlet - Completed initialization in 1 ms
2026-03-25 12:01:05.484 [http-nio-8080-exec-2] INFO  zsl.web.controller.empcontroller - 查询了员工数据
2026-03-25 12:01:05.500 [http-nio-8080-exec-2] INFO  com.zaxxer.hikari.HikariDataSource - HikariPool-1 - Starting...
2026-03-25 12:01:05.812 [http-nio-8080-exec-2] INFO  com.zaxxer.hikari.pool.HikariPool - HikariPool-1 - Added connection com.mysql.cj.jdbc.ConnectionImpl@7b95bc2c
2026-03-25 12:01:05.814 [http-nio-8080-exec-2] INFO  com.zaxxer.hikari.HikariDataSource - HikariPool-1 - Start completed.
2026-03-25 12:02:42.657 [SpringApplicationShutdownHook] INFO  o.s.boot.tomcat.GracefulShutdown - Commencing graceful shutdown. Waiting for active requests to complete
2026-03-25 12:02:42.671 [tomcat-shutdown] INFO  o.s.boot.tomcat.GracefulShutdown - Graceful shutdown complete
2026-03-25 12:02:42.678 [SpringApplicationShutdownHook] INFO  com.zaxxer.hikari.HikariDataSource - HikariPool-1 - Shutdown initiated...
2026-03-25 12:02:42.697 [SpringApplicationShutdownHook] INFO  com.zaxxer.hikari.HikariDataSource - HikariPool-1 - Shutdown completed.
2026-03-25 12:02:45.562 [main] INFO  zsl.web.WebApplication - Starting WebApplication using Java 25.0.2 with PID 7836 (E:\VS\visual\Tilas\web\target\classes started by zzzzz in E:\VS\visual\Tilas)
2026-03-25 12:02:45.564 [main] INFO  zsl.web.WebApplication - No active profile set, falling back to 1 default profile: "default"
2026-03-25 12:02:46.516 [main] INFO  o.s.boot.tomcat.TomcatWebServer - Tomcat initialized with port 8080 (http)
2026-03-25 12:02:46.526 [main] INFO  o.a.coyote.http11.Http11NioProtocol - Initializing ProtocolHandler ["http-nio-8080"]
2026-03-25 12:02:46.527 [main] INFO  o.a.catalina.core.StandardService - Starting service [Tomcat]
2026-03-25 12:02:46.527 [main] INFO  o.a.catalina.core.StandardEngine - Starting Servlet engine: [Apache Tomcat/11.0.18]
2026-03-25 12:02:46.567 [main] INFO  o.s.b.w.c.s.WebApplicationContextInitializer - Root WebApplicationContext: initialization completed in 956 ms
2026-03-25 12:02:47.018 [main] INFO  o.a.coyote.http11.Http11NioProtocol - Starting ProtocolHandler ["http-nio-8080"]
2026-03-25 12:02:47.035 [main] INFO  o.s.boot.tomcat.TomcatWebServer - Tomcat started on port 8080 (http) with context path '/'
2026-03-25 12:02:47.041 [main] INFO  zsl.web.WebApplication - Started WebApplication in 1.815 seconds (process running for 2.351)
2026-03-25 12:02:53.199 [http-nio-8080-exec-3] INFO  o.a.c.c.C.[Tomcat].[localhost].[/] - Initializing Spring DispatcherServlet 'dispatcherServlet'
2026-03-25 12:02:53.199 [http-nio-8080-exec-3] INFO  o.s.web.servlet.DispatcherServlet - Initializing Servlet 'dispatcherServlet'
2026-03-25 12:02:53.202 [http-nio-8080-exec-3] INFO  o.s.web.servlet.DispatcherServlet - Completed initialization in 2 ms
2026-03-25 12:02:53.234 [http-nio-8080-exec-3] INFO  zsl.web.controller.empcontroller - 查询了员工数据
2026-03-25 12:02:53.252 [http-nio-8080-exec-3] INFO  com.zaxxer.hikari.HikariDataSource - HikariPool-1 - Starting...
2026-03-25 12:02:53.529 [http-nio-8080-exec-3] INFO  com.zaxxer.hikari.pool.HikariPool - HikariPool-1 - Added connection com.mysql.cj.jdbc.ConnectionImpl@2d265698
2026-03-25 12:02:53.531 [http-nio-8080-exec-3] INFO  com.zaxxer.hikari.HikariDataSource - HikariPool-1 - Start completed.
2026-03-25 12:03:30.758 [SpringApplicationShutdownHook] INFO  o.s.boot.tomcat.GracefulShutdown - Commencing graceful shutdown. Waiting for active requests to complete
2026-03-25 12:03:30.770 [tomcat-shutdown] INFO  o.s.boot.tomcat.GracefulShutdown - Graceful shutdown complete
2026-03-25 12:03:30.776 [SpringApplicationShutdownHook] INFO  com.zaxxer.hikari.HikariDataSource - HikariPool-1 - Shutdown initiated...
2026-03-25 12:03:30.785 [SpringApplicationShutdownHook] INFO  com.zaxxer.hikari.HikariDataSource - HikariPool-1 - Shutdown completed.
2026-03-25 12:03:33.704 [main] INFO  zsl.web.WebApplication - Starting WebApplication using Java 25.0.2 with PID 19792 (E:\VS\visual\Tilas\web\target\classes started by zzzzz in E:\VS\visual\Tilas)
2026-03-25 12:03:33.707 [main] INFO  zsl.web.WebApplication - No active profile set, falling back to 1 default profile: "default"
2026-03-25 12:03:34.577 [main] INFO  o.s.boot.tomcat.TomcatWebServer - Tomcat initialized with port 8080 (http)
2026-03-25 12:03:34.587 [main] INFO  o.a.coyote.http11.Http11NioProtocol - Initializing ProtocolHandler ["http-nio-8080"]
2026-03-25 12:03:34.588 [main] INFO  o.a.catalina.core.StandardService - Starting service [Tomcat]
2026-03-25 12:03:34.588 [main] INFO  o.a.catalina.core.StandardEngine - Starting Servlet engine: [Apache Tomcat/11.0.18]
2026-03-25 12:03:34.629 [main] INFO  o.s.b.w.c.s.WebApplicationContextInitializer - Root WebApplicationContext: initialization completed in 877 ms
2026-03-25 12:03:35.066 [main] INFO  o.a.coyote.http11.Http11NioProtocol - Starting ProtocolHandler ["http-nio-8080"]
2026-03-25 12:03:35.081 [main] INFO  o.s.boot.tomcat.TomcatWebServer - Tomcat started on port 8080 (http) with context path '/'
2026-03-25 12:03:35.085 [main] INFO  zsl.web.WebApplication - Started WebApplication in 1.705 seconds (process running for 2.269)
2026-03-25 12:03:38.193 [http-nio-8080-exec-3] INFO  o.a.c.c.C.[Tomcat].[localhost].[/] - Initializing Spring DispatcherServlet 'dispatcherServlet'
2026-03-25 12:03:38.193 [http-nio-8080-exec-3] INFO  o.s.web.servlet.DispatcherServlet - Initializing Servlet 'dispatcherServlet'
2026-03-25 12:03:38.195 [http-nio-8080-exec-3] INFO  o.s.web.servlet.DispatcherServlet - Completed initialization in 2 ms
2026-03-25 12:03:38.230 [http-nio-8080-exec-3] INFO  zsl.web.controller.empcontroller - 查询了员工数据
2026-03-25 12:03:38.248 [http-nio-8080-exec-3] INFO  com.zaxxer.hikari.HikariDataSource - HikariPool-1 - Starting...
2026-03-25 12:03:38.553 [http-nio-8080-exec-3] INFO  com.zaxxer.hikari.pool.HikariPool - HikariPool-1 - Added connection com.mysql.cj.jdbc.ConnectionImpl@4dca70c9
2026-03-25 12:03:38.555 [http-nio-8080-exec-3] INFO  com.zaxxer.hikari.HikariDataSource - HikariPool-1 - Start completed.
2026-03-25 12:06:53.501 [SpringApplicationShutdownHook] INFO  o.s.boot.tomcat.GracefulShutdown - Commencing graceful shutdown. Waiting for active requests to complete
2026-03-25 12:06:53.517 [tomcat-shutdown] INFO  o.s.boot.tomcat.GracefulShutdown - Graceful shutdown complete
2026-03-25 12:06:53.525 [SpringApplicationShutdownHook] INFO  com.zaxxer.hikari.HikariDataSource - HikariPool-1 - Shutdown initiated...
2026-03-25 12:06:53.536 [SpringApplicationShutdownHook] INFO  com.zaxxer.hikari.HikariDataSource - HikariPool-1 - Shutdown completed.
2026-03-25 12:06:56.742 [main] INFO  zsl.web.WebApplication - Starting WebApplication using Java 25.0.2 with PID 22292 (E:\VS\visual\Tilas\web\target\classes started by zzzzz in E:\VS\visual\Tilas)
2026-03-25 12:06:56.746 [main] INFO  zsl.web.WebApplication - No active profile set, falling back to 1 default profile: "default"
2026-03-25 12:06:57.687 [main] INFO  o.s.boot.tomcat.TomcatWebServer - Tomcat initialized with port 8080 (http)
2026-03-25 12:06:57.696 [main] INFO  o.a.coyote.http11.Http11NioProtocol - Initializing ProtocolHandler ["http-nio-8080"]
2026-03-25 12:06:57.697 [main] INFO  o.a.catalina.core.StandardService - Starting service [Tomcat]
2026-03-25 12:06:57.697 [main] INFO  o.a.catalina.core.StandardEngine - Starting Servlet engine: [Apache Tomcat/11.0.18]
2026-03-25 12:06:57.739 [main] INFO  o.s.b.w.c.s.WebApplicationContextInitializer - Root WebApplicationContext: initialization completed in 948 ms
2026-03-25 12:06:58.254 [main] INFO  o.a.coyote.http11.Http11NioProtocol - Starting ProtocolHandler ["http-nio-8080"]
2026-03-25 12:06:58.271 [main] INFO  o.s.boot.tomcat.TomcatWebServer - Tomcat started on port 8080 (http) with context path '/'
2026-03-25 12:06:58.276 [main] INFO  zsl.web.WebApplication - Started WebApplication in 1.888 seconds (process running for 2.485)
2026-03-25 12:07:01.245 [http-nio-8080-exec-2] INFO  o.a.c.c.C.[Tomcat].[localhost].[/] - Initializing Spring DispatcherServlet 'dispatcherServlet'
2026-03-25 12:07:01.246 [http-nio-8080-exec-2] INFO  o.s.web.servlet.DispatcherServlet - Initializing Servlet 'dispatcherServlet'
2026-03-25 12:07:01.247 [http-nio-8080-exec-2] INFO  o.s.web.servlet.DispatcherServlet - Completed initialization in 1 ms
2026-03-25 12:07:01.278 [http-nio-8080-exec-2] INFO  zsl.web.controller.empcontroller - 查询了员工数据
2026-03-25 12:07:01.294 [http-nio-8080-exec-2] INFO  com.zaxxer.hikari.HikariDataSource - HikariPool-1 - Starting...
2026-03-25 12:07:01.573 [http-nio-8080-exec-2] INFO  com.zaxxer.hikari.pool.HikariPool - HikariPool-1 - Added connection com.mysql.cj.jdbc.ConnectionImpl@75ad9fe2
2026-03-25 12:07:01.574 [http-nio-8080-exec-2] INFO  com.zaxxer.hikari.HikariDataSource - HikariPool-1 - Start completed.
2026-03-25 14:17:44.484 [SpringApplicationShutdownHook] INFO  o.s.boot.tomcat.GracefulShutdown - Commencing graceful shutdown. Waiting for active requests to complete
2026-03-25 14:17:44.500 [tomcat-shutdown] INFO  o.s.boot.tomcat.GracefulShutdown - Graceful shutdown complete
2026-03-25 14:17:44.521 [SpringApplicationShutdownHook] INFO  com.zaxxer.hikari.HikariDataSource - HikariPool-1 - Shutdown initiated...
2026-03-25 14:17:44.527 [SpringApplicationShutdownHook] INFO  com.zaxxer.hikari.HikariDataSource - HikariPool-1 - Shutdown completed.
2026-03-25 14:17:47.725 [main] INFO  zsl.web.WebApplication - Starting WebApplication using Java 25.0.2 with PID 8544 (E:\VS\visual\Tilas\web\target\classes started by zzzzz in E:\VS\visual\Tilas)
2026-03-25 14:17:47.728 [main] INFO  zsl.web.WebApplication - No active profile set, falling back to 1 default profile: "default"
2026-03-25 14:17:48.799 [main] INFO  o.s.boot.tomcat.TomcatWebServer - Tomcat initialized with port 8080 (http)
2026-03-25 14:17:48.810 [main] INFO  o.a.coyote.http11.Http11NioProtocol - Initializing ProtocolHandler ["http-nio-8080"]
2026-03-25 14:17:48.811 [main] INFO  o.a.catalina.core.StandardService - Starting service [Tomcat]
2026-03-25 14:17:48.811 [main] INFO  o.a.catalina.core.StandardEngine - Starting Servlet engine: [Apache Tomcat/11.0.18]
2026-03-25 14:17:48.854 [main] INFO  o.s.b.w.c.s.WebApplicationContextInitializer - Root WebApplicationContext: initialization completed in 1077 ms
2026-03-25 14:17:49.348 [main] INFO  o.a.coyote.http11.Http11NioProtocol - Starting ProtocolHandler ["http-nio-8080"]
2026-03-25 14:17:49.365 [main] INFO  o.s.boot.tomcat.TomcatWebServer - Tomcat started on port 8080 (http) with context path '/'
2026-03-25 14:17:49.370 [main] INFO  zsl.web.WebApplication - Started WebApplication in 2.017 seconds (process running for 2.602)
2026-03-25 14:17:54.782 [http-nio-8080-exec-2] INFO  o.a.c.c.C.[Tomcat].[localhost].[/] - Initializing Spring DispatcherServlet 'dispatcherServlet'
2026-03-25 14:17:54.782 [http-nio-8080-exec-2] INFO  o.s.web.servlet.DispatcherServlet - Initializing Servlet 'dispatcherServlet'
2026-03-25 14:17:54.785 [http-nio-8080-exec-2] INFO  o.s.web.servlet.DispatcherServlet - Completed initialization in 3 ms
2026-03-25 14:17:54.818 [http-nio-8080-exec-2] INFO  zsl.web.controller.empcontroller - 查询了员工数据
2026-03-25 14:17:54.871 [http-nio-8080-exec-2] INFO  com.zaxxer.hikari.HikariDataSource - HikariPool-1 - Starting...
2026-03-25 14:17:55.149 [http-nio-8080-exec-2] INFO  com.zaxxer.hikari.pool.HikariPool - HikariPool-1 - Added connection com.mysql.cj.jdbc.ConnectionImpl@6f774d40
2026-03-25 14:17:55.151 [http-nio-8080-exec-2] INFO  com.zaxxer.hikari.HikariDataSource - HikariPool-1 - Start completed.
2026-03-25 14:18:02.340 [http-nio-8080-exec-3] INFO  zsl.web.controller.empcontroller - 查询了员工数据
2026-03-25 15:56:28.442 [SpringApplicationShutdownHook] INFO  o.s.boot.tomcat.GracefulShutdown - Commencing graceful shutdown. Waiting for active requests to complete
2026-03-25 15:56:28.461 [tomcat-shutdown] INFO  o.s.boot.tomcat.GracefulShutdown - Graceful shutdown complete
2026-03-25 15:56:28.470 [SpringApplicationShutdownHook] INFO  com.zaxxer.hikari.HikariDataSource - HikariPool-1 - Shutdown initiated...
2026-03-25 15:56:28.479 [SpringApplicationShutdownHook] INFO  com.zaxxer.hikari.HikariDataSource - HikariPool-1 - Shutdown completed.
2026-03-25 15:56:32.070 [main] INFO  zsl.web.WebApplication - Starting WebApplication using Java 25.0.2 with PID 15556 (E:\VS\visual\Tilas\web\target\classes started by zzzzz in E:\VS\visual\Tilas)
2026-03-25 15:56:32.073 [main] INFO  zsl.web.WebApplication - No active profile set, falling back to 1 default profile: "default"
2026-03-25 15:56:33.048 [main] INFO  o.s.boot.tomcat.TomcatWebServer - Tomcat initialized with port 8080 (http)
2026-03-25 15:56:33.058 [main] INFO  o.a.coyote.http11.Http11NioProtocol - Initializing ProtocolHandler ["http-nio-8080"]
2026-03-25 15:56:33.059 [main] INFO  o.a.catalina.core.StandardService - Starting service [Tomcat]
2026-03-25 15:56:33.059 [main] INFO  o.a.catalina.core.StandardEngine - Starting Servlet engine: [Apache Tomcat/11.0.18]
2026-03-25 15:56:33.105 [main] INFO  o.s.b.w.c.s.WebApplicationContextInitializer - Root WebApplicationContext: initialization completed in 982 ms
2026-03-25 15:56:33.670 [main] INFO  o.a.coyote.http11.Http11NioProtocol - Starting ProtocolHandler ["http-nio-8080"]
2026-03-25 15:56:33.687 [main] INFO  o.s.boot.tomcat.TomcatWebServer - Tomcat started on port 8080 (http) with context path '/'
2026-03-25 15:56:33.693 [main] INFO  zsl.web.WebApplication - Started WebApplication in 1.985 seconds (process running for 2.567)
2026-03-25 15:57:03.383 [http-nio-8080-exec-3] INFO  o.a.c.c.C.[Tomcat].[localhost].[/] - Initializing Spring DispatcherServlet 'dispatcherServlet'
2026-03-25 15:57:03.387 [http-nio-8080-exec-3] INFO  o.s.web.servlet.DispatcherServlet - Initializing Servlet 'dispatcherServlet'
2026-03-25 15:57:03.404 [http-nio-8080-exec-3] INFO  o.s.web.servlet.DispatcherServlet - Completed initialization in 17 ms
2026-03-25 15:57:03.465 [http-nio-8080-exec-3] INFO  zsl.web.controller.empcontroller - 按条件查询了员工数据
2026-03-25 15:57:03.595 [http-nio-8080-exec-3] INFO  com.zaxxer.hikari.HikariDataSource - HikariPool-1 - Starting...
2026-03-25 15:57:03.943 [http-nio-8080-exec-3] INFO  com.zaxxer.hikari.pool.HikariPool - HikariPool-1 - Added connection com.mysql.cj.jdbc.ConnectionImpl@6d4f394f
2026-03-25 15:57:03.945 [http-nio-8080-exec-3] INFO  com.zaxxer.hikari.HikariDataSource - HikariPool-1 - Start completed.
2026-03-25 15:57:04.142 [http-nio-8080-exec-3] ERROR o.a.c.c.C.[.[.[.[dispatcherServlet] - Servlet.service() for servlet [dispatcherServlet] in context with path [] threw exception [Request processing failed: org.springframework.jdbc.BadSqlGrammarException: 
### Error querying database.  Cause: java.sql.SQLSyntaxErrorException: FUNCTION dtp.contact does not exist
### The error may exist in zsl/web/mapper/empmapper.xml
### The error may involve defaultParameterMap
### The error occurred while setting parameters
### SQL: SELECT count(0) FROM employees e LEFT JOIN tilas_user t ON e.dept_id = t.id WHERE e.name LIKE contact('%', ?, '%')
### Cause: java.sql.SQLSyntaxErrorException: FUNCTION dtp.contact does not exist
; bad SQL grammar []] with root cause
java.sql.SQLSyntaxErrorException: FUNCTION dtp.contact does not exist
	at com.mysql.cj.jdbc.exceptions.SQLError.createSQLException(SQLError.java:112)
	at com.mysql.cj.jdbc.exceptions.SQLExceptionsMapping.translateException(SQLExceptionsMapping.java:114)
	at com.mysql.cj.jdbc.ClientPreparedStatement.executeInternal(ClientPreparedStatement.java:988)
	at com.mysql.cj.jdbc.ClientPreparedStatement.execute(ClientPreparedStatement.java:383)
	at com.zaxxer.hikari.pool.ProxyPreparedStatement.execute(ProxyPreparedStatement.java:44)
	at com.zaxxer.hikari.pool.HikariProxyPreparedStatement.execute(HikariProxyPreparedStatement.java)
	at java.base/jdk.internal.reflect.DirectMethodHandleAccessor.invoke(DirectMethodHandleAccessor.java:104)
	at java.base/java.lang.reflect.Method.invoke(Method.java:565)
	at org.apache.ibatis.logging.jdbc.PreparedStatementLogger.invoke(PreparedStatementLogger.java:58)
	at jdk.proxy3/jdk.proxy3.$Proxy85.execute(Unknown Source)
	at org.apache.ibatis.executor.statement.PreparedStatementHandler.query(PreparedStatementHandler.java:65)
	at org.apache.ibatis.executor.statement.RoutingStatementHandler.query(RoutingStatementHandler.java:80)
	at org.apache.ibatis.executor.SimpleExecutor.doQuery(SimpleExecutor.java:65)
	at org.apache.ibatis.executor.BaseExecutor.queryFromDatabase(BaseExecutor.java:336)
	at org.apache.ibatis.executor.BaseExecutor.query(BaseExecutor.java:158)
	at org.apache.ibatis.executor.CachingExecutor.query(CachingExecutor.java:110)
	at com.github.pagehelper.util.ExecutorUtil.executeAutoCount(ExecutorUtil.java:169)
	at com.github.pagehelper.PageInterceptor.count(PageInterceptor.java:197)
	at com.github.pagehelper.PageInterceptor.intercept(PageInterceptor.java:140)
	at org.apache.ibatis.plugin.Plugin.invoke(Plugin.java:59)
	at jdk.proxy2/jdk.proxy2.$Proxy83.query(Unknown Source)
	at org.apache.ibatis.session.defaults.DefaultSqlSession.selectList(DefaultSqlSession.java:154)
	at org.apache.ibatis.session.defaults.DefaultSqlSession.selectList(DefaultSqlSession.java:147)
	at org.apache.ibatis.session.defaults.DefaultSqlSession.selectList(DefaultSqlSession.java:142)
	at java.base/jdk.internal.reflect.DirectMethodHandleAccessor.invoke(DirectMethodHandleAccessor.java:104)
	at java.base/java.lang.reflect.Method.invoke(Method.java:565)
	at org.mybatis.spring.SqlSessionTemplate$SqlSessionInterceptor.invoke(SqlSessionTemplate.java:348)
	at jdk.proxy2/jdk.proxy2.$Proxy69.selectList(Unknown Source)
	at org.mybatis.spring.SqlSessionTemplate.selectList(SqlSessionTemplate.java:209)
	at org.apache.ibatis.binding.MapperMethod.executeForMany(MapperMethod.java:147)
	at org.apache.ibatis.binding.MapperMethod.execute(MapperMethod.java:80)
	at org.apache.ibatis.binding.MapperProxy$PlainMethodInvoker.invoke(MapperProxy.java:141)
	at org.apache.ibatis.binding.MapperProxy.invoke(MapperProxy.java:86)
	at jdk.proxy2/jdk.proxy2.$Proxy75.Select(Unknown Source)
	at zsl.web.service.empserviceimpl.Select(empserviceimpl.java:32)
	at zsl.web.controller.empcontroller.PageSelect(empcontroller.java:29)
	at java.base/jdk.internal.reflect.DirectMethodHandleAccessor.invoke(DirectMethodHandleAccessor.java:104)
	at java.base/java.lang.reflect.Method.invoke(Method.java:565)
	at org.springframework.web.method.support.InvocableHandlerMethod.doInvoke(InvocableHandlerMethod.java:252)
	at org.springframework.web.method.support.InvocableHandlerMethod.invokeForRequest(InvocableHandlerMethod.java:184)
	at org.springframework.web.servlet.mvc.method.annotation.ServletInvocableHandlerMethod.invokeAndHandle(ServletInvocableHandlerMethod.java:117)
	at org.springframework.web.servlet.mvc.method.annotation.RequestMappingHandlerAdapter.invokeHandlerMethod(RequestMappingHandlerAdapter.java:934)
	at org.springframework.web.servlet.mvc.method.annotation.RequestMappingHandlerAdapter.handleInternal(RequestMappingHandlerAdapter.java:853)
	at org.springframework.web.servlet.mvc.method.AbstractHandlerMethodAdapter.handle(AbstractHandlerMethodAdapter.java:86)
	at org.springframework.web.servlet.DispatcherServlet.doDispatch(DispatcherServlet.java:963)
	at org.springframework.web.servlet.DispatcherServlet.doService(DispatcherServlet.java:866)
	at org.springframework.web.servlet.FrameworkServlet.processRequest(FrameworkServlet.java:1000)
	at org.springframework.web.servlet.FrameworkServlet.doGet(FrameworkServlet.java:892)
	at jakarta.servlet.http.HttpServlet.service(HttpServlet.java:622)
	at org.springframework.web.servlet.FrameworkServlet.service(FrameworkServlet.java:874)
	at jakarta.servlet.http.HttpServlet.service(HttpServlet.java:710)
	at org.apache.catalina.core.ApplicationFilterChain.doFilter(ApplicationFilterChain.java:128)
	at org.apache.tomcat.websocket.server.WsFilter.doFilter(WsFilter.java:53)
	at org.apache.catalina.core.ApplicationFilterChain.doFilter(ApplicationFilterChain.java:107)
	at org.springframework.web.filter.RequestContextFilter.doFilterInternal(RequestContextFilter.java:100)
	at org.springframework.web.filter.OncePerRequestFilter.doFilter(OncePerRequestFilter.java:116)
	at org.apache.catalina.core.ApplicationFilterChain.doFilter(ApplicationFilterChain.java:107)
	at org.springframework.web.filter.FormContentFilter.doFilterInternal(FormContentFilter.java:93)
	at org.springframework.web.filter.OncePerRequestFilter.doFilter(OncePerRequestFilter.java:116)
	at org.apache.catalina.core.ApplicationFilterChain.doFilter(ApplicationFilterChain.java:107)
	at org.springframework.web.filter.CharacterEncodingFilter.doFilterInternal(CharacterEncodingFilter.java:199)
	at org.springframework.web.filter.OncePerRequestFilter.doFilter(OncePerRequestFilter.java:116)
	at org.apache.catalina.core.ApplicationFilterChain.doFilter(ApplicationFilterChain.java:107)
	at org.apache.catalina.core.StandardWrapperValve.invoke(StandardWrapperValve.java:165)
	at org.apache.catalina.core.StandardContextValve.invoke(StandardContextValve.java:77)
	at org.apache.catalina.authenticator.AuthenticatorBase.invoke(AuthenticatorBase.java:492)
	at org.apache.catalina.core.StandardHostValve.invoke(StandardHostValve.java:113)
	at org.apache.catalina.valves.ErrorReportValve.invoke(ErrorReportValve.java:83)
	at org.apache.catalina.core.StandardEngineValve.invoke(StandardEngineValve.java:72)
	at org.apache.catalina.connector.CoyoteAdapter.service(CoyoteAdapter.java:341)
	at org.apache.coyote.http11.Http11Processor.service(Http11Processor.java:397)
	at org.apache.coyote.AbstractProcessorLight.process(AbstractProcessorLight.java:63)
	at org.apache.coyote.AbstractProtocol$ConnectionHandler.process(AbstractProtocol.java:903)
	at org.apache.tomcat.util.net.NioEndpoint$SocketProcessor.doRun(NioEndpoint.java:1779)
	at org.apache.tomcat.util.net.SocketProcessorBase.run(SocketProcessorBase.java:52)
	at org.apache.tomcat.util.threads.ThreadPoolExecutor.runWorker(ThreadPoolExecutor.java:946)
	at org.apache.tomcat.util.threads.ThreadPoolExecutor$Worker.run(ThreadPoolExecutor.java:480)
	at org.apache.tomcat.util.threads.TaskThread$WrappingRunnable.run(TaskThread.java:57)
	at java.base/java.lang.Thread.run(Thread.java:1474)
2026-03-25 16:02:34.303 [SpringApplicationShutdownHook] INFO  o.s.boot.tomcat.GracefulShutdown - Commencing graceful shutdown. Waiting for active requests to complete
2026-03-25 16:02:34.320 [tomcat-shutdown] INFO  o.s.boot.tomcat.GracefulShutdown - Graceful shutdown complete
2026-03-25 16:02:34.327 [SpringApplicationShutdownHook] INFO  com.zaxxer.hikari.HikariDataSource - HikariPool-1 - Shutdown initiated...
2026-03-25 16:02:34.341 [SpringApplicationShutdownHook] INFO  com.zaxxer.hikari.HikariDataSource - HikariPool-1 - Shutdown completed.
2026-03-25 16:03:36.679 [main] INFO  zsl.web.WebApplication - Starting WebApplication using Java 25.0.2 with PID 5604 (E:\VS\visual\Tilas\web\target\classes started by zzzzz in E:\VS\visual\Tilas)
2026-03-25 16:03:36.682 [main] INFO  zsl.web.WebApplication - No active profile set, falling back to 1 default profile: "default"
2026-03-25 16:03:37.581 [main] INFO  o.s.boot.tomcat.TomcatWebServer - Tomcat initialized with port 8080 (http)
2026-03-25 16:03:37.593 [main] INFO  o.a.coyote.http11.Http11NioProtocol - Initializing ProtocolHandler ["http-nio-8080"]
2026-03-25 16:03:37.594 [main] INFO  o.a.catalina.core.StandardService - Starting service [Tomcat]
2026-03-25 16:03:37.594 [main] INFO  o.a.catalina.core.StandardEngine - Starting Servlet engine: [Apache Tomcat/11.0.18]
2026-03-25 16:03:37.648 [main] INFO  o.s.b.w.c.s.WebApplicationContextInitializer - Root WebApplicationContext: initialization completed in 914 ms
2026-03-25 16:03:38.147 [main] INFO  o.a.coyote.http11.Http11NioProtocol - Starting ProtocolHandler ["http-nio-8080"]
2026-03-25 16:03:38.174 [main] INFO  o.s.boot.tomcat.TomcatWebServer - Tomcat started on port 8080 (http) with context path '/'
2026-03-25 16:03:38.179 [main] INFO  zsl.web.WebApplication - Started WebApplication in 1.885 seconds (process running for 3.103)
2026-03-25 16:03:42.160 [http-nio-8080-exec-1] INFO  o.a.c.c.C.[Tomcat].[localhost].[/] - Initializing Spring DispatcherServlet 'dispatcherServlet'
2026-03-25 16:03:42.161 [http-nio-8080-exec-1] INFO  o.s.web.servlet.DispatcherServlet - Initializing Servlet 'dispatcherServlet'
2026-03-25 16:03:42.162 [http-nio-8080-exec-1] INFO  o.s.web.servlet.DispatcherServlet - Completed initialization in 1 ms
2026-03-25 16:03:42.200 [http-nio-8080-exec-1] INFO  zsl.web.controller.empcontroller - 按条件查询了员工数据
2026-03-25 16:03:42.299 [http-nio-8080-exec-1] INFO  com.zaxxer.hikari.HikariDataSource - HikariPool-1 - Starting...
2026-03-25 16:03:42.668 [http-nio-8080-exec-1] INFO  com.zaxxer.hikari.pool.HikariPool - HikariPool-1 - Added connection com.mysql.cj.jdbc.ConnectionImpl@3d79a0dc
2026-03-25 16:03:42.670 [http-nio-8080-exec-1] INFO  com.zaxxer.hikari.HikariDataSource - HikariPool-1 - Start completed.
2026-03-25 16:04:13.332 [http-nio-8080-exec-3] INFO  zsl.web.controller.empcontroller - 按条件查询了员工数据
2026-03-25 16:14:16.698 [http-nio-8080-exec-5] INFO  zsl.web.controller.empcontroller - 按条件查询了员工数据
2026-03-25 16:14:38.946 [http-nio-8080-exec-7] INFO  zsl.web.controller.empcontroller - 按条件查询了员工数据
2026-03-25 16:15:07.208 [http-nio-8080-exec-8] INFO  zsl.web.controller.empcontroller - 按条件查询了员工数据
2026-03-25 16:15:19.878 [http-nio-8080-exec-9] INFO  zsl.web.controller.empcontroller - 按条件查询了员工数据
2026-03-25 16:36:07.735 [SpringApplicationShutdownHook] INFO  o.s.boot.tomcat.GracefulShutdown - Commencing graceful shutdown. Waiting for active requests to complete
2026-03-25 16:36:07.750 [tomcat-shutdown] INFO  o.s.boot.tomcat.GracefulShutdown - Graceful shutdown complete
2026-03-25 16:36:07.758 [SpringApplicationShutdownHook] INFO  com.zaxxer.hikari.HikariDataSource - HikariPool-1 - Shutdown initiated...
2026-03-25 16:36:07.764 [SpringApplicationShutdownHook] INFO  com.zaxxer.hikari.HikariDataSource - HikariPool-1 - Shutdown completed.
2026-03-25 16:36:11.404 [main] INFO  zsl.web.WebApplication - Starting WebApplication using Java 25.0.2 with PID 21076 (E:\VS\visual\Tilas\web\target\classes started by zzzzz in E:\VS\visual\Tilas)
2026-03-25 16:36:11.406 [main] INFO  zsl.web.WebApplication - No active profile set, falling back to 1 default profile: "default"
2026-03-25 16:36:12.264 [main] INFO  o.s.boot.tomcat.TomcatWebServer - Tomcat initialized with port 8080 (http)
2026-03-25 16:36:12.275 [main] INFO  o.a.coyote.http11.Http11NioProtocol - Initializing ProtocolHandler ["http-nio-8080"]
2026-03-25 16:36:12.276 [main] INFO  o.a.catalina.core.StandardService - Starting service [Tomcat]
2026-03-25 16:36:12.276 [main] INFO  o.a.catalina.core.StandardEngine - Starting Servlet engine: [Apache Tomcat/11.0.18]
2026-03-25 16:36:12.328 [main] INFO  o.s.b.w.c.s.WebApplicationContextInitializer - Root WebApplicationContext: initialization completed in 872 ms
2026-03-25 16:36:12.813 [main] INFO  o.a.coyote.http11.Http11NioProtocol - Starting ProtocolHandler ["http-nio-8080"]
2026-03-25 16:36:12.838 [main] INFO  o.s.boot.tomcat.TomcatWebServer - Tomcat started on port 8080 (http) with context path '/'
2026-03-25 16:36:12.844 [main] INFO  zsl.web.WebApplication - Started WebApplication in 1.805 seconds (process running for 2.598)
2026-03-25 16:36:17.673 [SpringApplicationShutdownHook] INFO  o.s.boot.tomcat.GracefulShutdown - Commencing graceful shutdown. Waiting for active requests to complete
2026-03-25 16:36:17.681 [tomcat-shutdown] INFO  o.s.boot.tomcat.GracefulShutdown - Graceful shutdown complete
2026-03-25 20:05:06.727 [main] INFO  zsl.web.WebApplication - Starting WebApplication using Java 25.0.2 with PID 21456 (E:\VS\visual\Tilas\web\target\classes started by zzzzz in E:\VS\visual\Tilas)
2026-03-25 20:05:06.729 [main] INFO  zsl.web.WebApplication - No active profile set, falling back to 1 default profile: "default"
2026-03-25 20:05:07.420 [main] INFO  o.s.boot.tomcat.TomcatWebServer - Tomcat initialized with port 8080 (http)
2026-03-25 20:05:07.429 [main] INFO  o.a.coyote.http11.Http11NioProtocol - Initializing ProtocolHandler ["http-nio-8080"]
2026-03-25 20:05:07.430 [main] INFO  o.a.catalina.core.StandardService - Starting service [Tomcat]
2026-03-25 20:05:07.431 [main] INFO  o.a.catalina.core.StandardEngine - Starting Servlet engine: [Apache Tomcat/11.0.18]
2026-03-25 20:05:07.476 [main] INFO  o.s.b.w.c.s.WebApplicationContextInitializer - Root WebApplicationContext: initialization completed in 712 ms
2026-03-25 20:05:07.872 [main] INFO  o.a.coyote.http11.Http11NioProtocol - Starting ProtocolHandler ["http-nio-8080"]
2026-03-25 20:05:07.886 [main] INFO  o.s.boot.tomcat.TomcatWebServer - Tomcat started on port 8080 (http) with context path '/'
2026-03-25 20:05:07.891 [main] INFO  zsl.web.WebApplication - Started WebApplication in 1.476 seconds (process running for 2.023)
2026-03-25 20:05:15.147 [http-nio-8080-exec-1] INFO  o.a.c.c.C.[Tomcat].[localhost].[/] - Initializing Spring DispatcherServlet 'dispatcherServlet'
2026-03-25 20:05:15.147 [http-nio-8080-exec-1] INFO  o.s.web.servlet.DispatcherServlet - Initializing Servlet 'dispatcherServlet'
2026-03-25 20:05:15.149 [http-nio-8080-exec-1] INFO  o.s.web.servlet.DispatcherServlet - Completed initialization in 2 ms
2026-03-25 20:05:15.196 [http-nio-8080-exec-1] INFO  zsl.web.controller.upfilecontroller - 上传文件
2026-03-25 20:05:38.241 [SpringApplicationShutdownHook] INFO  o.s.boot.tomcat.GracefulShutdown - Commencing graceful shutdown. Waiting for active requests to complete
2026-03-25 20:05:38.248 [tomcat-shutdown] INFO  o.s.boot.tomcat.GracefulShutdown - Graceful shutdown complete
