2026-03-24 19:50:04.487 [main] INFO  zsl.web.WebApplication - Starting WebApplication using Java 25.0.2 with PID 316 (E:\VS\visual\Tilas\web\target\classes started by zzzzz in E:\VS\visual\Tilas)
2026-03-24 19:50:04.489 [main] INFO  zsl.web.WebApplication - No active profile set, falling back to 1 default profile: "default"
2026-03-24 19:50:05.348 [main] INFO  o.s.boot.tomcat.TomcatWebServer - Tomcat initialized with port 8080 (http)
2026-03-24 19:50:05.360 [main] INFO  o.a.coyote.http11.Http11NioProtocol - Initializing ProtocolHandler ["http-nio-8080"]
2026-03-24 19:50:05.361 [main] INFO  o.a.catalina.core.StandardService - Starting service [Tomcat]
2026-03-24 19:50:05.362 [main] INFO  o.a.catalina.core.StandardEngine - Starting Servlet engine: [Apache Tomcat/11.0.18]
2026-03-24 19:50:05.410 [main] INFO  o.s.b.w.c.s.WebApplicationContextInitializer - Root WebApplicationContext: initialization completed in 870 ms
2026-03-24 19:50:05.852 [main] INFO  o.a.coyote.http11.Http11NioProtocol - Starting ProtocolHandler ["http-nio-8080"]
2026-03-24 19:50:05.880 [main] INFO  o.s.boot.tomcat.TomcatWebServer - Tomcat started on port 8080 (http) with context path '/'
2026-03-24 19:50:05.885 [main] INFO  zsl.web.WebApplication - Started WebApplication in 1.795 seconds (process running for 2.806)
2026-03-24 19:50:21.179 [http-nio-8080-exec-2] INFO  o.a.c.c.C.[Tomcat].[localhost].[/] - Initializing Spring DispatcherServlet 'dispatcherServlet'
2026-03-24 19:50:21.180 [http-nio-8080-exec-2] INFO  o.s.web.servlet.DispatcherServlet - Initializing Servlet 'dispatcherServlet'
2026-03-24 19:50:21.183 [http-nio-8080-exec-2] INFO  o.s.web.servlet.DispatcherServlet - Completed initialization in 1 ms
2026-03-24 19:50:21.224 [http-nio-8080-exec-2] INFO  zsl.web.controller.deptcontroller - 查询了全部部门数据
2026-03-24 19:50:21.239 [http-nio-8080-exec-2] INFO  com.zaxxer.hikari.HikariDataSource - HikariPool-1 - Starting...
2026-03-24 19:50:21.614 [http-nio-8080-exec-2] INFO  com.zaxxer.hikari.pool.HikariPool - HikariPool-1 - Added connection com.mysql.cj.jdbc.ConnectionImpl@c454786
2026-03-24 19:50:21.616 [http-nio-8080-exec-2] INFO  com.zaxxer.hikari.HikariDataSource - HikariPool-1 - Start completed.
2026-03-24 21:05:02.095 [SpringApplicationShutdownHook] INFO  o.s.boot.tomcat.GracefulShutdown - Commencing graceful shutdown. Waiting for active requests to complete
2026-03-24 21:05:02.108 [tomcat-shutdown] INFO  o.s.boot.tomcat.GracefulShutdown - Graceful shutdown complete
2026-03-24 21:05:02.114 [SpringApplicationShutdownHook] INFO  com.zaxxer.hikari.HikariDataSource - HikariPool-1 - Shutdown initiated...
2026-03-24 21:05:02.120 [SpringApplicationShutdownHook] INFO  com.zaxxer.hikari.HikariDataSource - HikariPool-1 - Shutdown completed.
